[1222/020341.330:ERROR:directory_reader_win.cc(43)] FindFirstFile: The system cannot find the path specified. (0x3)
[1223/020341.341:ERROR:directory_reader_win.cc(43)] FindFirstFile: The system cannot find the path specified. (0x3)
[1224/020343.445:ERROR:directory_reader_win.cc(43)] FindFirstFile: The system cannot find the path specified. (0x3)
[1225/020344.525:ERROR:directory_reader_win.cc(43)] FindFirstFile: The system cannot find the path specified. (0x3)
[1230/044334.118:ERROR:directory_reader_win.cc(43)] FindFirstFile: The system cannot find the path specified. (0x3)
[1230/104829.843:ERROR:filesystem_win.cc(129)] GetFileAttributes C:\Users\webstar126\AppData\Local\Google\Chrome\User Data\Crashpad\attachments\27a71d5a-fcff-4b8c-b622-6a6a07625d31: The system cannot find the path specified. (0x3)
[1231/042555.704:ERROR:directory_reader_win.cc(43)] FindFirstFile: The system cannot find the path specified. (0x3)
[1231/062524.285:ERROR:filesystem_win.cc(129)] GetFileAttributes C:\Users\webstar126\AppData\Local\Google\Chrome\User Data\Crashpad\attachments\6612de76-425c-4e92-a79b-a0610e208851: The system cannot find the path specified. (0x3)
[0102/205538.131:ERROR:directory_reader_win.cc(43)] FindFirstFile: The system cannot find the path specified. (0x3)
[0104/163341.097:ERROR:directory_reader_win.cc(43)] FindFirstFile: The system cannot find the path specified. (0x3)
[0106/151812.040:ERROR:process_reader_win.cc(151)] SuspendThread: Access is denied. (0x5)
[0106/151812.041:ERROR:exception_snapshot_win.cc(99)] thread ID 14116 not found in process
[0106/151812.041:ERROR:scoped_process_suspend.cc(40)] NtResumeProcess: An attempt was made to access an exiting process. (0xc000010a)
[0106/204711.750:ERROR:directory_reader_win.cc(43)] FindFirstFile: The system cannot find the path specified. (0x3)
[0106/224916.056:ERROR:process_reader_win.cc(151)] SuspendThread: Access is denied. (0x5)
[0106/224916.056:ERROR:exception_snapshot_win.cc(99)] thread ID 18328 not found in process
[0106/224916.057:ERROR:scoped_process_suspend.cc(40)] NtResumeProcess: An attempt was made to access an exiting process. (0xc000010a)
[0108/215432.849:ERROR:directory_reader_win.cc(43)] FindFirstFile: The system cannot find the path specified. (0x3)
[0120/140149.226:ERROR:directory_reader_win.cc(43)] FindFirstFile: The system cannot find the path specified. (0x3)
[0217/124051.592:ERROR:registration_protocol_win.cc(102)] CreateFile: The system cannot find the file specified. (0x2)
